{"name": "User can access search", "status": "broken", "statusDetails": {"message": "selenium.common.exceptions.NoSuchElementException: Message: no such element: Unable to locate element: {\"method\":\"css selector\",\"selector\":\"[id=\"None\"]\"}\n  (Session info: chrome=112.0.5615.49)\nStacktrace:\n0   chromedriver                        0x000000010fecb6f8 chromedriver + 4982520\n1   chromedriver                        0x000000010fec2df3 chromedriver + 4947443\n2   chromedriver                        0x000000010fa7f1b6 chromedriver + 475574\n3   chromedriver                        0x000000010fac29f0 chromedriver + 752112\n4   chromedriver                        0x000000010fac2c51 chromedriver + 752721\n5   chromedriver                        0x000000010fb06f34 chromedriver + 1031988\n6   chromedriver                        0x000000010fae8c0d chromedriver + 908301\n7   chromedriver                        0x000000010fb0422b chromedriver + 1020459\n8   chromedriver                        0x000000010fae89b3 chromedriver + 907699\n9   chromedriver                        0x000000010fab2acf chromedriver + 686799\n10  chromedriver                        0x000000010fab3fee chromedriver + 692206\n11  chromedriver                        0x000000010fe8711d chromedriver + 4702493\n12  chromedriver                        0x000000010fe8c382 chromedriver + 4723586\n13  chromedriver                        0x000000010fe92ebf chromedriver + 4751039\n14  chromedriver                        0x000000010fe8d2fa chromedriver + 4727546\n15  chromedriver                        0x000000010fe5faa2 chromedriver + 4541090\n16  chromedriver                        0x000000010feacff8 chromedriver + 4857848\n17  chromedriver                        0x000000010fead177 chromedriver + 4858231\n18  chromedriver                        0x000000010febc71f chromedriver + 4921119\n19  libsystem_pthread.dylib             0x00007fff6814e109 _pthread_start + 148\n20  libsystem_pthread.dylib             0x00007fff68149b8b thread_start + 15\n\n", "trace": "  File \"C:\\Users\\babao\\venv\\Lib\\site-packages\\behave\\model.py\", line 1329, in run\n    match.run(runner.context)\n  File \"C:\\Users\\babao\\venv\\Lib\\site-packages\\behave\\matchers.py\", line 98, in run\n    self.func(context, *args, **kwargs)\n  File \"features\\steps\\CAP_36_steps.py\", line 21, in input_search\n    context.app.header_page.input_text(text)\n  File \"C:\\GitHub\\moi_repo\\pages\\base_page.py\", line 27, in input_text\n    e = self.driver.find_element(*locator)\n        ^^^^^^^^^^^^^^^^^^^^^^^^^^^^^^^^^^\n  File \"C:\\Users\\babao\\venv\\Lib\\site-packages\\selenium\\webdriver\\remote\\webdriver.py\", line 831, in find_element\n    return self.execute(Command.FIND_ELEMENT, {\"using\": by, \"value\": value})[\"value\"]\n           ^^^^^^^^^^^^^^^^^^^^^^^^^^^^^^^^^^^^^^^^^^^^^^^^^^^^^^^^^^^^^^^^^\n  File \"C:\\Users\\babao\\venv\\Lib\\site-packages\\selenium\\webdriver\\remote\\webdriver.py\", line 440, in execute\n    self.error_handler.check_response(response)\n  File \"C:\\Users\\babao\\venv\\Lib\\site-packages\\selenium\\webdriver\\remote\\errorhandler.py\", line 245, in check_response\n    raise exception_class(message, screen, stacktrace)\n"}, "steps": [{"name": "Given Open CureSkin page", "status": "passed", "start": 1683078416759, "stop": 1683078419395}, {"name": "When Click on the search icon", "status": "passed", "start": 1683078419395, "stop": 1683078426321}, {"name": "Then Input text SPF", "status": "broken", "statusDetails": {"message": "selenium.common.exceptions.NoSuchElementException: Message: no such element: Unable to locate element: {\"method\":\"css selector\",\"selector\":\"[id=\"None\"]\"}\n  (Session info: chrome=112.0.5615.49)\nStacktrace:\n0   chromedriver                        0x000000010fecb6f8 chromedriver + 4982520\n1   chromedriver                        0x000000010fec2df3 chromedriver + 4947443\n2   chromedriver                        0x000000010fa7f1b6 chromedriver + 475574\n3   chromedriver                        0x000000010fac29f0 chromedriver + 752112\n4   chromedriver                        0x000000010fac2c51 chromedriver + 752721\n5   chromedriver                        0x000000010fb06f34 chromedriver + 1031988\n6   chromedriver                        0x000000010fae8c0d chromedriver + 908301\n7   chromedriver                        0x000000010fb0422b chromedriver + 1020459\n8   chromedriver                        0x000000010fae89b3 chromedriver + 907699\n9   chromedriver                        0x000000010fab2acf chromedriver + 686799\n10  chromedriver                        0x000000010fab3fee chromedriver + 692206\n11  chromedriver                        0x000000010fe8711d chromedriver + 4702493\n12  chromedriver                        0x000000010fe8c382 chromedriver + 4723586\n13  chromedriver                        0x000000010fe92ebf chromedriver + 4751039\n14  chromedriver                        0x000000010fe8d2fa chromedriver + 4727546\n15  chromedriver                        0x000000010fe5faa2 chromedriver + 4541090\n16  chromedriver                        0x000000010feacff8 chromedriver + 4857848\n17  chromedriver                        0x000000010fead177 chromedriver + 4858231\n18  chromedriver                        0x000000010febc71f chromedriver + 4921119\n19  libsystem_pthread.dylib             0x00007fff6814e109 _pthread_start + 148\n20  libsystem_pthread.dylib             0x00007fff68149b8b thread_start + 15\n\n", "trace": "  File \"C:\\Users\\babao\\venv\\Lib\\site-packages\\behave\\model.py\", line 1329, in run\n    match.run(runner.context)\n  File \"C:\\Users\\babao\\venv\\Lib\\site-packages\\behave\\matchers.py\", line 98, in run\n    self.func(context, *args, **kwargs)\n  File \"features\\steps\\CAP_36_steps.py\", line 21, in input_search\n    context.app.header_page.input_text(text)\n  File \"C:\\GitHub\\moi_repo\\pages\\base_page.py\", line 27, in input_text\n    e = self.driver.find_element(*locator)\n        ^^^^^^^^^^^^^^^^^^^^^^^^^^^^^^^^^^\n  File \"C:\\Users\\babao\\venv\\Lib\\site-packages\\selenium\\webdriver\\remote\\webdriver.py\", line 831, in find_element\n    return self.execute(Command.FIND_ELEMENT, {\"using\": by, \"value\": value})[\"value\"]\n           ^^^^^^^^^^^^^^^^^^^^^^^^^^^^^^^^^^^^^^^^^^^^^^^^^^^^^^^^^^^^^^^^^\n  File \"C:\\Users\\babao\\venv\\Lib\\site-packages\\selenium\\webdriver\\remote\\webdriver.py\", line 440, in execute\n    self.error_handler.check_response(response)\n  File \"C:\\Users\\babao\\venv\\Lib\\site-packages\\selenium\\webdriver\\remote\\errorhandler.py\", line 245, in check_response\n    raise exception_class(message, screen, stacktrace)\n"}, "start": 1683078426321, "stop": 1683078430682}, {"name": "Then Click to search", "status": "skipped", "start": 1683078431471, "stop": 1683078431471}, {"name": "Then Verify the results have spf", "status": "skipped", "start": 1683078431471, "stop": 1683078431471}], "start": 1683078410965, "stop": 1683078431471, "uuid": "68316774-6c03-41b4-837f-4d44f1280f4c", "historyId": "c790b63b2774da5e1740f768b6193b6f", "fullName": "CureSkin Website Search: User can access search", "labels": [{"name": "severity", "value": "normal"}, {"name": "feature", "value": "CureSkin Website Search"}, {"name": "framework", "value": "behave"}, {"name": "language", "value": "cpython3"}]}